SF:lib/domain/usecases/get_airing_today_tvs.dart
DA:9,1
DA:11,1
DA:12,2
LF:3
LH:3
end_of_record
SF:lib/domain/usecases/get_popular_tvs.dart
DA:9,1
DA:11,1
DA:12,2
LF:3
LH:3
end_of_record
SF:lib/domain/usecases/get_top_rated_tvs.dart
DA:9,1
DA:11,1
DA:12,2
LF:3
LH:3
end_of_record
SF:lib/domain/usecases/get_tv_recommendations.dart
DA:9,1
DA:11,1
DA:12,2
LF:3
LH:3
end_of_record
SF:lib/domain/usecases/get_watchlist_tvs.dart
DA:9,1
DA:11,1
DA:12,2
LF:3
LH:3
end_of_record
SF:lib/domain/usecases/remove_watchlist_tv.dart
DA:9,1
DA:11,1
DA:12,2
LF:3
LH:3
end_of_record
SF:lib/domain/usecases/save_watchlist_tv.dart
DA:9,1
DA:11,1
DA:12,2
LF:3
LH:3
end_of_record
SF:lib/domain/usecases/get_watchlist_tv_status.dart
DA:6,1
DA:8,1
DA:9,2
LF:3
LH:3
end_of_record
SF:lib/domain/usecases/get_tv_detail.dart
DA:9,1
DA:11,1
DA:12,2
LF:3
LH:3
end_of_record
SF:lib/presentation/bloc/state/airing_tv_state.dart
DA:4,3
DA:6,1
DA:7,1
DA:17,2
DA:19,1
DA:20,2
DA:28,2
DA:30,1
DA:31,2
LF:9
LH:9
end_of_record
SF:lib/presentation/bloc/airing_tv_bloc.dart
DA:11,3
DA:12,2
DA:13,2
DA:14,2
DA:15,1
DA:16,1
DA:17,3
DA:19,1
DA:20,2
LF:9
LH:9
end_of_record
SF:lib/presentation/bloc/event/airing_tv_event.dart
DA:4,2
DA:6,0
DA:7,0
LF:3
LH:1
end_of_record
SF:lib/presentation/bloc/state/popular_tv_state.dart
DA:4,5
DA:6,1
DA:7,1
DA:19,3
DA:21,1
DA:22,2
DA:28,3
DA:30,1
DA:31,2
LF:9
LH:9
end_of_record
SF:lib/presentation/bloc/popular_tv_bloc.dart
DA:11,3
DA:12,2
DA:13,2
DA:14,2
DA:15,1
DA:16,1
DA:17,3
DA:19,1
DA:20,2
LF:9
LH:9
end_of_record
SF:lib/presentation/bloc/event/popular_tv_event.dart
DA:4,3
DA:6,0
DA:7,0
LF:3
LH:1
end_of_record
SF:lib/presentation/bloc/event/top_rated_tv_event.dart
DA:4,3
DA:6,0
DA:7,0
LF:3
LH:1
end_of_record
SF:lib/presentation/bloc/top_rated_tv_bloc.dart
DA:11,3
DA:12,2
DA:13,2
DA:14,4
DA:15,1
DA:16,1
DA:17,3
DA:19,1
DA:20,2
LF:9
LH:9
end_of_record
SF:lib/presentation/bloc/state/top_rated_tv_state.dart
DA:4,5
DA:6,1
DA:7,1
DA:17,3
DA:19,1
DA:20,2
DA:26,3
DA:28,1
DA:29,2
LF:9
LH:9
end_of_record
SF:lib/presentation/bloc/event/tv_detail_event.dart
DA:4,2
DA:6,0
DA:7,0
DA:13,2
LF:4
LH:2
end_of_record
SF:lib/presentation/bloc/state/tv_detail_state.dart
DA:4,4
DA:6,1
DA:7,1
DA:19,2
DA:21,1
DA:22,2
DA:28,3
DA:30,1
DA:31,2
LF:9
LH:9
end_of_record
SF:lib/presentation/bloc/tv_detail_bloc.dart
DA:12,3
DA:13,2
DA:14,1
DA:15,2
DA:16,4
DA:17,1
DA:18,4
DA:19,3
LF:8
LH:8
end_of_record
SF:lib/presentation/bloc/state/tv_recommendation_state.dart
DA:4,4
DA:6,1
DA:7,1
DA:19,2
DA:21,1
DA:22,2
DA:28,3
DA:30,1
DA:31,2
LF:9
LH:9
end_of_record
SF:lib/presentation/bloc/event/tv_recommendation_event.dart
DA:4,2
DA:6,0
DA:7,0
DA:13,2
LF:4
LH:2
end_of_record
SF:lib/presentation/bloc/tv_recommendation_bloc.dart
DA:12,1
DA:13,2
DA:14,2
DA:15,2
DA:16,5
DA:17,1
DA:18,4
DA:19,3
LF:8
LH:8
end_of_record
SF:lib/presentation/bloc/state/watchlist_tv_state.dart
DA:4,14
DA:6,1
DA:7,1
DA:19,11
DA:21,1
DA:22,2
DA:28,4
DA:30,1
DA:31,2
DA:37,3
DA:39,1
DA:40,2
LF:12
LH:12
end_of_record
SF:lib/presentation/bloc/event/watchlist_tv_event.dart
DA:4,4
DA:6,0
DA:7,0
DA:13,1
DA:19,2
DA:25,2
LF:6
LH:4
end_of_record
SF:lib/presentation/bloc/watchlist_tv_bloc.dart
DA:15,1
DA:20,2
DA:21,2
DA:22,1
DA:23,2
DA:24,2
DA:25,1
DA:26,4
DA:27,2
DA:31,2
DA:32,1
DA:33,2
DA:34,4
DA:35,1
DA:36,4
DA:37,2
DA:42,2
DA:43,3
DA:44,2
DA:47,2
DA:48,2
DA:49,5
DA:50,1
DA:51,4
DA:52,3
LF:25
LH:25
end_of_record
SF:lib/presentation/pages/home_tv_page.dart
DA:10,1
DA:12,1
DA:13,1
DA:17,1
DA:19,1
DA:20,2
DA:21,4
DA:22,4
DA:23,4
DA:27,1
DA:29,1
DA:30,1
DA:32,1
DA:33,1
DA:34,0
DA:35,0
DA:41,1
DA:43,1
DA:44,1
DA:46,1
DA:47,1
DA:49,1
DA:51,1
DA:52,1
DA:53,1
DA:57,1
DA:58,2
DA:59,1
DA:60,2
DA:65,1
DA:67,0
DA:68,0
DA:70,1
DA:71,1
DA:72,1
DA:76,1
DA:77,2
DA:78,1
DA:79,2
DA:84,1
DA:86,0
DA:87,0
DA:89,1
DA:90,1
DA:91,1
DA:95,1
DA:96,2
DA:97,1
DA:98,2
DA:110,1
DA:111,1
DA:113,1
DA:114,1
DA:116,1
DA:118,1
DA:120,1
DA:122,1
LF:57
LH:51
end_of_record
SF:lib/presentation/pages/popular_tvs_page.dart
DA:8,1
DA:10,1
DA:11,1
DA:15,1
DA:17,1
DA:18,6
DA:21,1
DA:23,1
DA:24,1
DA:27,1
DA:29,1
DA:30,1
DA:31,1
DA:35,1
DA:36,1
DA:37,1
DA:38,2
DA:39,1
DA:41,2
DA:43,1
DA:44,1
DA:46,2
LF:22
LH:22
end_of_record
SF:lib/presentation/pages/top_rated_tvs_page.dart
DA:8,1
DA:10,1
DA:11,1
DA:15,1
DA:17,1
DA:18,1
DA:19,5
DA:22,1
DA:24,1
DA:25,1
DA:28,1
DA:30,1
DA:31,1
DA:32,1
DA:36,1
DA:37,1
DA:38,1
DA:39,2
DA:40,1
DA:42,2
DA:44,1
DA:45,1
DA:47,2
LF:23
LH:23
end_of_record
SF:lib/presentation/pages/tv_detail_page.dart
DA:15,1
DA:17,1
DA:18,1
DA:22,1
DA:24,1
DA:25,2
DA:26,6
DA:27,6
DA:28,1
DA:29,1
DA:30,4
DA:34,1
DA:36,2
DA:37,2
DA:38,2
DA:39,2
DA:41,1
DA:42,1
DA:43,1
DA:44,1
DA:48,1
DA:49,1
DA:50,1
DA:51,1
DA:53,1
DA:54,1
DA:55,0
DA:59,1
DA:60,2
DA:75,1
DA:81,1
DA:83,3
DA:84,1
DA:85,1
DA:86,1
DA:87,3
DA:89,1
DA:92,0
DA:94,1
DA:96,1
DA:97,1
DA:98,1
DA:108,1
DA:109,1
DA:110,1
DA:112,1
DA:114,1
DA:116,1
DA:117,1
DA:118,2
DA:119,1
DA:121,1
DA:122,1
DA:123,1
DA:125,0
DA:126,0
DA:129,1
DA:130,3
DA:134,2
DA:135,2
DA:136,1
DA:137,2
DA:143,1
DA:144,1
DA:145,2
DA:146,2
DA:148,0
DA:150,0
DA:151,0
DA:152,0
DA:157,1
DA:159,1
DA:160,1
DA:167,1
DA:168,3
DA:170,1
DA:171,4
DA:173,1
DA:174,1
DA:175,1
DA:176,3
DA:178,1
DA:184,4
DA:188,1
DA:190,1
DA:192,1
DA:193,2
DA:196,1
DA:198,1
DA:200,1
DA:201,1
DA:202,1
DA:206,1
DA:207,0
DA:208,1
DA:209,1
DA:211,1
DA:213,1
DA:214,2
DA:215,1
DA:217,1
DA:218,0
DA:219,0
DA:222,0
DA:225,1
DA:230,1
DA:232,2
DA:233,1
DA:239,0
DA:246,2
DA:250,0
DA:255,1
DA:257,1
DA:259,1
DA:261,1
DA:263,0
DA:264,0
DA:265,0
DA:267,3
DA:274,1
DA:276,1
DA:291,1
DA:293,1
DA:296,1
DA:298,0
DA:299,0
DA:308,1
DA:310,2
DA:311,3
DA:314,1
DA:318,3
DA:321,1
DA:322,1
DA:323,1
DA:325,1
DA:326,0
DA:328,1
LF:137
LH:117
end_of_record
SF:lib/presentation/pages/watchlist_tvs.dart
DA:8,1
DA:10,1
DA:11,1
DA:15,1
DA:17,1
DA:18,1
DA:19,5
DA:22,1
DA:24,1
DA:25,1
DA:28,1
DA:29,1
DA:30,1
DA:34,1
DA:35,1
DA:36,1
DA:37,2
DA:38,1
DA:40,2
DA:42,1
DA:43,1
DA:45,2
DA:48,0
LF:23
LH:22
end_of_record
SF:lib/presentation/widgets/season_card.dart
DA:9,0
DA:11,0
DA:13,0
DA:15,0
DA:16,0
DA:18,0
DA:19,0
DA:20,0
DA:26,0
DA:28,0
DA:29,0
DA:30,0
DA:33,0
DA:36,0
DA:37,0
DA:45,0
DA:50,0
DA:52,0
DA:53,0
DA:55,0
DA:58,0
LF:21
LH:0
end_of_record
SF:lib/presentation/widgets/tv_card_list.dart
DA:10,3
DA:12,3
DA:14,3
DA:16,3
DA:17,0
DA:18,0
DA:21,0
DA:24,3
DA:26,3
DA:27,3
DA:28,3
DA:34,3
DA:36,3
DA:37,3
DA:38,6
DA:41,3
DA:44,3
DA:45,6
DA:53,3
DA:58,3
DA:60,3
DA:61,9
DA:63,3
DA:66,0
LF:24
LH:20
end_of_record
SF:lib/presentation/widgets/tv_list.dart
DA:10,1
DA:12,1
DA:14,1
DA:16,1
DA:18,1
DA:19,2
DA:20,1
DA:22,1
DA:23,0
DA:24,0
DA:27,0
DA:30,1
DA:32,1
DA:33,2
DA:34,1
DA:37,0
DA:43,2
LF:17
LH:13
end_of_record
