SF:lib/presentation/widgets/movie_card_list.dart
DA:10,0
DA:12,0
DA:14,0
DA:16,0
DA:17,0
DA:18,0
DA:21,0
DA:24,0
DA:26,0
DA:27,0
DA:28,0
DA:34,0
DA:36,0
DA:37,0
DA:38,0
DA:41,0
DA:44,0
DA:45,0
DA:53,0
DA:58,0
DA:60,0
DA:61,0
DA:63,0
DA:66,0
LF:24
LH:0
end_of_record
SF:lib/domain/usecases/get_movie_detail.dart
DA:9,1
DA:11,1
DA:12,2
LF:3
LH:3
end_of_record
SF:lib/domain/usecases/get_movie_recommendations.dart
DA:9,1
DA:11,1
DA:12,2
LF:3
LH:3
end_of_record
SF:lib/domain/usecases/get_now_playing_movies.dart
DA:9,1
DA:11,1
DA:12,2
LF:3
LH:3
end_of_record
SF:lib/domain/usecases/get_popular_movies.dart
DA:9,1
DA:11,1
DA:12,2
LF:3
LH:3
end_of_record
SF:lib/domain/usecases/get_top_rated_movies.dart
DA:9,1
DA:11,1
DA:12,2
LF:3
LH:3
end_of_record
SF:lib/domain/usecases/get_watchlist_movies.dart
DA:9,1
DA:11,1
DA:12,2
LF:3
LH:3
end_of_record
SF:lib/domain/usecases/get_watchlist_status.dart
DA:6,1
DA:8,1
DA:9,2
LF:3
LH:3
end_of_record
SF:lib/domain/usecases/remove_watchlist.dart
DA:9,1
DA:11,1
DA:12,2
LF:3
LH:3
end_of_record
SF:lib/domain/usecases/save_watchlist.dart
DA:9,1
DA:11,1
DA:12,2
LF:3
LH:3
end_of_record
SF:lib/presentation/bloc/state/movie_detail_state.dart
DA:4,1
DA:6,1
DA:7,1
DA:19,1
DA:21,1
DA:22,2
DA:28,1
DA:30,1
DA:31,2
LF:9
LH:9
end_of_record
SF:lib/presentation/bloc/event/movie_detail_event.dart
DA:4,1
DA:6,0
DA:7,0
DA:13,1
LF:4
LH:2
end_of_record
SF:lib/presentation/bloc/movie_detail_bloc.dart
DA:11,3
DA:12,2
DA:13,1
DA:14,2
DA:15,2
DA:16,1
DA:17,4
DA:18,3
LF:8
LH:8
end_of_record
SF:lib/presentation/bloc/state/movie_recommendation_state.dart
DA:4,1
DA:6,1
DA:7,1
DA:19,1
DA:21,1
DA:22,2
DA:28,1
DA:30,1
DA:31,2
LF:9
LH:9
end_of_record
SF:lib/presentation/bloc/event/movie_recommendation_event.dart
DA:4,1
DA:6,0
DA:7,0
DA:13,1
LF:4
LH:2
end_of_record
SF:lib/presentation/bloc/movie_recommendation_bloc.dart
DA:12,1
DA:13,2
DA:14,2
DA:15,1
DA:16,2
DA:17,2
DA:18,1
DA:19,4
DA:20,3
LF:9
LH:9
end_of_record
SF:lib/presentation/bloc/event/now_playing_movie_event.dart
DA:4,1
DA:6,0
DA:7,0
LF:3
LH:1
end_of_record
SF:lib/presentation/bloc/state/now_playing_movie_state.dart
DA:4,1
DA:6,1
DA:7,1
DA:19,1
DA:21,1
DA:22,2
DA:28,1
DA:30,1
DA:31,2
DA:33,1
DA:34,2
LF:11
LH:11
end_of_record
SF:lib/presentation/bloc/now_playing_movie_bloc.dart
DA:12,1
DA:13,2
DA:14,2
DA:15,2
DA:16,4
DA:17,1
DA:18,1
DA:19,3
DA:21,1
DA:22,2
LF:10
LH:10
end_of_record
SF:lib/presentation/bloc/state/popular_movie_state.dart
DA:4,1
DA:6,1
DA:7,1
DA:19,1
DA:21,1
DA:22,2
DA:28,1
DA:30,1
DA:31,2
LF:9
LH:9
end_of_record
SF:lib/presentation/bloc/popular_movie_bloc.dart
DA:11,3
DA:12,2
DA:13,2
DA:14,4
DA:15,1
DA:16,1
DA:17,3
DA:19,1
DA:20,2
LF:9
LH:9
end_of_record
SF:lib/presentation/bloc/event/popular_movie_event.dart
DA:4,1
DA:6,0
DA:7,0
LF:3
LH:1
end_of_record
SF:lib/presentation/bloc/state/top_rated_movie_state.dart
DA:4,1
DA:6,1
DA:7,1
DA:19,1
DA:21,1
DA:22,2
DA:28,1
DA:30,1
DA:31,2
LF:9
LH:9
end_of_record
SF:lib/presentation/bloc/top_rated_movie_bloc.dart
DA:11,3
DA:12,2
DA:13,2
DA:14,4
DA:15,1
DA:16,1
DA:17,3
DA:19,1
DA:20,2
LF:9
LH:9
end_of_record
SF:lib/presentation/bloc/event/top_rated_movie_event.dart
DA:4,1
DA:6,0
DA:7,0
LF:3
LH:1
end_of_record
SF:lib/presentation/bloc/state/watchlist_state.dart
DA:4,14
DA:6,1
DA:7,1
DA:19,1
DA:21,1
DA:22,2
DA:28,14
DA:30,1
DA:31,2
DA:37,1
DA:39,1
DA:40,2
LF:12
LH:12
end_of_record
SF:lib/presentation/bloc/event/watchlist_event.dart
DA:4,1
DA:6,0
DA:7,0
DA:13,1
DA:19,1
DA:25,1
LF:6
LH:4
end_of_record
SF:lib/presentation/bloc/watchlist_bloc.dart
DA:15,1
DA:20,2
DA:21,2
DA:22,1
DA:23,2
DA:24,2
DA:25,5
DA:26,2
DA:29,2
DA:30,1
DA:31,2
DA:32,2
DA:33,1
DA:34,4
DA:35,2
DA:39,2
DA:40,1
DA:41,2
DA:42,2
DA:45,2
DA:46,2
DA:47,2
DA:48,1
DA:49,4
DA:50,3
LF:25
LH:25
end_of_record
SF:lib/presentation/pages/home_movie_page.dart
DA:13,0
DA:15,0
DA:16,0
DA:20,0
DA:22,0
DA:23,0
DA:24,0
DA:25,0
DA:26,0
DA:30,0
DA:32,0
DA:33,0
DA:34,0
DA:35,0
DA:43,0
DA:46,0
DA:47,0
DA:50,0
DA:53,0
DA:54,0
DA:57,0
DA:60,0
DA:61,0
DA:64,0
DA:65,0
DA:66,0
DA:74,0
DA:76,0
DA:77,0
DA:78,0
DA:79,0
DA:85,0
DA:87,0
DA:88,0
DA:90,0
DA:91,0
DA:93,0
DA:95,0
DA:96,0
DA:97,0
DA:101,0
DA:102,0
DA:103,0
DA:104,0
DA:109,0
DA:111,0
DA:112,0
DA:114,0
DA:115,0
DA:116,0
DA:120,0
DA:121,0
DA:122,0
DA:123,0
DA:128,0
DA:130,0
DA:131,0
DA:133,0
DA:134,0
DA:135,0
DA:139,0
DA:140,0
DA:141,0
DA:142,0
DA:154,0
DA:155,0
DA:157,0
DA:158,0
DA:160,0
DA:162,0
DA:164,0
DA:166,0
DA:179,0
DA:181,0
DA:183,0
DA:185,0
DA:187,0
DA:188,0
DA:189,0
DA:191,0
DA:192,0
DA:193,0
DA:196,0
DA:199,0
DA:201,0
DA:202,0
DA:203,0
DA:206,0
DA:212,0
LF:89
LH:0
end_of_record
SF:lib/presentation/pages/movie_detail_page.dart
DA:15,0
DA:17,0
DA:18,0
DA:22,0
DA:24,0
DA:25,0
DA:26,0
DA:27,0
DA:28,0
DA:29,0
DA:30,0
DA:34,0
DA:37,0
DA:38,0
DA:39,0
DA:40,0
DA:42,0
DA:43,0
DA:44,0
DA:45,0
DA:49,0
DA:50,0
DA:51,0
DA:52,0
DA:54,0
DA:55,0
DA:56,0
DA:60,0
DA:61,0
DA:79,0
DA:82,0
DA:84,0
DA:85,0
DA:86,0
DA:87,0
DA:88,0
DA:90,0
DA:93,0
DA:95,0
DA:97,0
DA:98,0
DA:99,0
DA:109,0
DA:110,0
DA:111,0
DA:113,0
DA:115,0
DA:117,0
DA:118,0
DA:119,0
DA:120,0
DA:122,0
DA:123,0
DA:124,0
DA:126,0
DA:127,0
DA:130,0
DA:131,0
DA:135,0
DA:136,0
DA:137,0
DA:138,0
DA:144,0
DA:145,0
DA:146,0
DA:147,0
DA:149,0
DA:151,0
DA:152,0
DA:153,0
DA:158,0
DA:160,0
DA:161,0
DA:168,0
DA:169,0
DA:171,0
DA:172,0
DA:174,0
DA:175,0
DA:176,0
DA:177,0
DA:179,0
DA:185,0
DA:189,0
DA:191,0
DA:193,0
DA:194,0
DA:197,0
DA:199,0
DA:201,0
DA:203,0
DA:204,0
DA:208,0
DA:209,0
DA:211,0
DA:212,0
DA:214,0
DA:216,0
DA:217,0
DA:218,0
DA:220,0
DA:221,0
DA:222,0
DA:225,0
DA:228,0
DA:233,0
DA:235,0
DA:236,0
DA:242,0
DA:249,0
DA:253,0
DA:261,0
DA:263,0
DA:278,0
DA:280,0
DA:283,0
DA:285,0
DA:286,0
DA:295,0
DA:297,0
DA:298,0
DA:301,0
DA:305,0
DA:308,0
DA:309,0
DA:310,0
DA:312,0
DA:313,0
DA:315,0
LF:129
LH:0
end_of_record
SF:lib/presentation/pages/popular_movies_page.dart
DA:8,0
DA:10,0
DA:11,0
DA:15,0
DA:17,0
DA:18,0
DA:19,0
DA:22,0
DA:24,0
DA:25,0
DA:28,0
DA:30,0
DA:31,0
DA:32,0
DA:36,0
DA:37,0
DA:38,0
DA:39,0
DA:40,0
DA:42,0
DA:44,0
DA:45,0
DA:47,0
LF:23
LH:0
end_of_record
SF:lib/presentation/pages/top_rated_movies_page.dart
DA:8,0
DA:10,0
DA:11,0
DA:15,0
DA:17,0
DA:18,0
DA:19,0
DA:22,0
DA:24,0
DA:25,0
DA:28,0
DA:30,0
DA:31,0
DA:32,0
DA:36,0
DA:37,0
DA:38,0
DA:39,0
DA:40,0
DA:42,0
DA:44,0
DA:45,0
DA:47,0
LF:23
LH:0
end_of_record
SF:lib/presentation/pages/watchlist_movies.dart
DA:6,13
DA:8,0
DA:9,0
DA:13,0
DA:15,0
DA:16,0
DA:19,0
DA:21,0
DA:22,0
DA:23,0
DA:24,0
DA:28,0
DA:29,0
DA:30,0
DA:31,0
DA:32,0
DA:34,0
DA:36,0
DA:37,0
DA:39,0
DA:42,0
LF:21
LH:1
end_of_record
