SF:lib/presentation/widgets/movie_card_list.dart
DA:10,3
DA:12,3
DA:14,3
DA:16,3
DA:17,0
DA:18,0
DA:21,0
DA:24,3
DA:26,3
DA:27,3
DA:28,3
DA:34,3
DA:36,3
DA:37,3
DA:38,6
DA:41,3
DA:44,3
DA:45,6
DA:53,3
DA:58,3
DA:60,3
DA:61,9
DA:63,3
DA:66,0
LF:24
LH:20
end_of_record
SF:lib/domain/usecases/get_movie_detail.dart
DA:9,1
DA:11,1
DA:12,2
LF:3
LH:3
end_of_record
SF:lib/domain/usecases/get_movie_recommendations.dart
DA:9,1
DA:11,1
DA:12,2
LF:3
LH:3
end_of_record
SF:lib/domain/usecases/get_now_playing_movies.dart
DA:9,1
DA:11,1
DA:12,2
LF:3
LH:3
end_of_record
SF:lib/domain/usecases/get_popular_movies.dart
DA:9,1
DA:11,1
DA:12,2
LF:3
LH:3
end_of_record
SF:lib/domain/usecases/get_top_rated_movies.dart
DA:9,1
DA:11,1
DA:12,2
LF:3
LH:3
end_of_record
SF:lib/domain/usecases/get_watchlist_movies.dart
DA:9,1
DA:11,1
DA:12,2
LF:3
LH:3
end_of_record
SF:lib/domain/usecases/get_watchlist_status.dart
DA:6,1
DA:8,1
DA:9,2
LF:3
LH:3
end_of_record
SF:lib/domain/usecases/remove_watchlist.dart
DA:9,1
DA:11,1
DA:12,2
LF:3
LH:3
end_of_record
SF:lib/domain/usecases/save_watchlist.dart
DA:9,1
DA:11,1
DA:12,2
LF:3
LH:3
end_of_record
SF:lib/presentation/bloc/state/movie_detail_state.dart
DA:4,3
DA:6,1
DA:7,1
DA:19,2
DA:21,1
DA:22,2
DA:28,2
DA:30,1
DA:31,2
LF:9
LH:9
end_of_record
SF:lib/presentation/bloc/event/movie_detail_event.dart
DA:4,2
DA:6,0
DA:7,0
DA:13,2
LF:4
LH:2
end_of_record
SF:lib/presentation/bloc/movie_detail_bloc.dart
DA:11,3
DA:12,2
DA:13,1
DA:14,2
DA:15,2
DA:16,1
DA:17,4
DA:18,3
LF:8
LH:8
end_of_record
SF:lib/presentation/bloc/state/movie_recommendation_state.dart
DA:4,3
DA:6,1
DA:7,1
DA:19,2
DA:21,1
DA:22,2
DA:28,2
DA:30,1
DA:31,2
LF:9
LH:9
end_of_record
SF:lib/presentation/bloc/event/movie_recommendation_event.dart
DA:4,2
DA:6,0
DA:7,0
DA:13,2
LF:4
LH:2
end_of_record
SF:lib/presentation/bloc/movie_recommendation_bloc.dart
DA:12,1
DA:13,2
DA:14,2
DA:15,1
DA:16,2
DA:17,2
DA:18,1
DA:19,4
DA:20,3
LF:9
LH:9
end_of_record
SF:lib/presentation/bloc/event/now_playing_movie_event.dart
DA:4,2
DA:6,0
DA:7,0
LF:3
LH:1
end_of_record
SF:lib/presentation/bloc/state/now_playing_movie_state.dart
DA:4,3
DA:6,1
DA:7,1
DA:19,2
DA:25,2
LF:5
LH:5
end_of_record
SF:lib/presentation/bloc/now_playing_movie_bloc.dart
DA:12,1
DA:13,2
DA:14,2
DA:15,2
DA:16,4
DA:17,1
DA:18,1
DA:19,3
DA:21,1
DA:22,2
LF:10
LH:10
end_of_record
SF:lib/presentation/bloc/state/popular_movie_state.dart
DA:4,5
DA:6,1
DA:7,1
DA:19,3
DA:21,1
DA:22,2
DA:28,3
DA:30,1
DA:31,2
LF:9
LH:9
end_of_record
SF:lib/presentation/bloc/popular_movie_bloc.dart
DA:11,3
DA:12,2
DA:13,2
DA:14,4
DA:15,1
DA:16,1
DA:17,3
DA:19,1
DA:20,2
LF:9
LH:9
end_of_record
SF:lib/presentation/bloc/event/popular_movie_event.dart
DA:4,3
DA:6,0
DA:7,0
LF:3
LH:1
end_of_record
SF:lib/presentation/bloc/state/top_rated_movie_state.dart
DA:4,5
DA:6,1
DA:7,1
DA:19,3
DA:21,1
DA:22,2
DA:28,3
DA:30,1
DA:31,2
LF:9
LH:9
end_of_record
SF:lib/presentation/bloc/top_rated_movie_bloc.dart
DA:11,3
DA:12,2
DA:13,2
DA:14,4
DA:15,1
DA:16,1
DA:17,3
DA:19,1
DA:20,2
LF:9
LH:9
end_of_record
SF:lib/presentation/bloc/event/top_rated_movie_event.dart
DA:4,3
DA:6,0
DA:7,0
LF:3
LH:1
end_of_record
SF:lib/presentation/bloc/state/watchlist_state.dart
DA:4,23
DA:6,1
DA:7,1
DA:19,3
DA:21,1
DA:22,2
DA:28,20
DA:30,1
DA:31,2
DA:37,3
DA:39,1
DA:40,2
LF:12
LH:12
end_of_record
SF:lib/presentation/bloc/event/watchlist_event.dart
DA:4,3
DA:6,0
DA:7,0
DA:13,1
DA:19,2
DA:25,2
LF:6
LH:4
end_of_record
SF:lib/presentation/bloc/watchlist_bloc.dart
DA:15,1
DA:20,2
DA:21,2
DA:22,1
DA:23,2
DA:24,2
DA:25,5
DA:26,2
DA:29,2
DA:30,1
DA:31,2
DA:32,2
DA:33,1
DA:34,4
DA:35,2
DA:39,2
DA:40,1
DA:41,2
DA:42,2
DA:45,2
DA:46,2
DA:47,2
DA:48,1
DA:49,4
DA:50,3
LF:25
LH:25
end_of_record
SF:lib/presentation/pages/home_movie_page.dart
DA:12,1
DA:14,1
DA:15,1
DA:19,1
DA:21,1
DA:22,2
DA:23,4
DA:24,4
DA:25,4
DA:29,1
DA:31,1
DA:32,1
DA:33,1
DA:34,1
DA:42,1
DA:45,0
DA:46,0
DA:49,1
DA:52,0
DA:53,0
DA:56,1
DA:59,1
DA:60,1
DA:63,0
DA:64,0
DA:67,1
DA:70,0
DA:71,0
DA:75,1
DA:76,0
DA:77,0
DA:85,1
DA:87,1
DA:88,1
DA:89,0
DA:90,0
DA:96,1
DA:98,1
DA:99,1
DA:101,1
DA:102,1
DA:104,1
DA:106,1
DA:107,1
DA:108,1
DA:112,1
DA:113,2
DA:114,1
DA:115,2
DA:120,1
DA:122,0
DA:123,0
DA:125,1
DA:126,1
DA:127,1
DA:131,1
DA:132,2
DA:133,1
DA:134,2
DA:139,1
DA:141,0
DA:142,0
DA:144,1
DA:145,1
DA:146,1
DA:150,1
DA:151,2
DA:152,1
DA:153,2
DA:165,1
DA:166,1
DA:168,1
DA:169,1
DA:171,1
DA:173,1
DA:175,1
DA:177,1
DA:190,1
DA:192,1
DA:194,1
DA:196,1
DA:198,1
DA:199,2
DA:200,1
DA:202,1
DA:203,0
DA:204,0
DA:207,0
DA:210,1
DA:212,1
DA:213,2
DA:214,1
DA:217,0
DA:223,2
LF:94
LH:74
end_of_record
SF:lib/presentation/pages/movie_detail_page.dart
DA:15,1
DA:17,1
DA:18,1
DA:22,1
DA:24,1
DA:25,2
DA:26,6
DA:27,1
DA:28,1
DA:29,4
DA:30,6
DA:34,1
DA:37,2
DA:38,2
DA:39,2
DA:40,2
DA:42,1
DA:43,1
DA:44,1
DA:45,1
DA:49,1
DA:50,1
DA:51,1
DA:52,1
DA:54,1
DA:55,1
DA:56,1
DA:60,1
DA:61,2
DA:79,1
DA:82,1
DA:84,3
DA:85,1
DA:86,1
DA:87,1
DA:88,3
DA:90,1
DA:93,0
DA:95,1
DA:97,1
DA:98,1
DA:99,1
DA:109,1
DA:110,1
DA:111,1
DA:113,1
DA:115,1
DA:117,1
DA:118,1
DA:119,2
DA:120,1
DA:122,1
DA:123,1
DA:124,1
DA:126,0
DA:127,0
DA:130,1
DA:131,3
DA:135,2
DA:136,2
DA:137,1
DA:138,2
DA:144,1
DA:145,1
DA:146,2
DA:147,2
DA:149,0
DA:151,0
DA:152,0
DA:153,0
DA:158,1
DA:160,1
DA:161,1
DA:168,1
DA:169,3
DA:171,1
DA:172,3
DA:174,1
DA:175,1
DA:176,1
DA:177,3
DA:179,1
DA:185,4
DA:189,1
DA:191,1
DA:193,1
DA:194,2
DA:197,1
DA:199,1
DA:201,1
DA:203,1
DA:204,1
DA:208,1
DA:209,2
DA:211,1
DA:212,1
DA:214,1
DA:216,1
DA:217,2
DA:218,1
DA:220,1
DA:221,0
DA:222,0
DA:225,0
DA:228,1
DA:233,1
DA:235,2
DA:236,1
DA:242,0
DA:249,2
DA:253,0
DA:261,1
DA:263,1
DA:278,1
DA:280,1
DA:283,1
DA:285,0
DA:286,0
DA:295,1
DA:297,2
DA:298,3
DA:301,1
DA:305,3
DA:308,1
DA:309,1
DA:310,1
DA:312,1
DA:313,1
DA:315,0
LF:129
LH:114
end_of_record
SF:lib/presentation/pages/popular_movies_page.dart
DA:8,1
DA:10,1
DA:11,1
DA:15,1
DA:17,1
DA:18,1
DA:19,5
DA:22,1
DA:24,1
DA:25,1
DA:28,1
DA:30,1
DA:31,1
DA:32,1
DA:36,1
DA:37,1
DA:38,1
DA:39,2
DA:40,1
DA:42,2
DA:44,1
DA:45,1
DA:47,2
LF:23
LH:23
end_of_record
SF:lib/presentation/pages/top_rated_movies_page.dart
DA:8,1
DA:10,1
DA:11,1
DA:15,1
DA:17,1
DA:18,1
DA:19,5
DA:22,1
DA:24,1
DA:25,1
DA:28,1
DA:30,1
DA:31,1
DA:32,1
DA:36,1
DA:37,1
DA:38,1
DA:39,2
DA:40,1
DA:42,2
DA:44,1
DA:45,1
DA:47,2
LF:23
LH:23
end_of_record
SF:lib/presentation/pages/watchlist_movies.dart
DA:7,1
DA:9,1
DA:10,1
DA:14,1
DA:16,1
DA:17,6
DA:20,1
DA:22,1
DA:23,1
DA:26,1
DA:27,1
DA:28,1
DA:32,1
DA:33,1
DA:34,1
DA:35,2
DA:36,1
DA:38,2
DA:40,1
DA:41,1
DA:43,2
DA:46,0
LF:22
LH:21
end_of_record
